            --------------------------------------------------------
                             AMBER SQM VERSION 19
 
                                     By
              Ross C. Walker, Michael F. Crowley, Scott Brozell,
                         Tim Giese, Andreas W. Goetz,
                        Tai-Sung Lee and David A. Case
 
            --------------------------------------------------------
 

--------------------------------------------------------------------------------
  QM CALCULATION INFO
--------------------------------------------------------------------------------

| QMMM: Citation for AMBER QMMM Run:
| QMMM: R.C. Walker, M.F. Crowley and D.A. Case, J. COMP. CHEM. 29:1019, 2008

QMMM: SINGLET STATE CALCULATION
QMMM: RHF CALCULATION, NO. OF DOUBLY OCCUPIED LEVELS = 30

| QMMM: *** Selected Hamiltonian *** 
| QMMM: AM1         

| QMMM: *** Parameter sets in use ***
| QMMM: C : M.J.S.DEWAR et al. JACS, 107, 3902, (1985)
| QMMM: N : M.J.S.DEWAR et al. JACS, 107, 3902, (1985)
| QMMM: O : M.J.S.DEWAR et al. JACS, 107, 3902, (1985)
| QMMM: H : M.J.S.DEWAR et al. JACS, 107, 3902, (1985)

| QMMM: *** SCF convergence criteria ***
| QMMM: Energy change                :  0.1D-09 kcal/mol
| QMMM: Error matrix |FP-PF|         :  0.1D+00 au
| QMMM: Density matrix change        :  0.5D-06
| QMMM: Maximum number of SCF cycles :     1000

| QMMM: *** Diagonalization Routine Information ***
| QMMM: Pseudo diagonalizations are allowed.
| QMMM: Auto diagonalization routine selection is in use.
| QMMM:
| QMMM: Timing diagonalization routines:
| QMMM:                              norbs =       53
| QMMM:    diag iterations used for timing =       15
| QMMM:
| QMMM:              Internal diag routine = 0.003853 seconds
| QMMM:                 Dspev diag routine = 0.096194 seconds
| QMMM:                Dspevd diag routine = 0.002964 seconds
| QMMM:                Dspevx diag routine = 0.015759 seconds
| QMMM:                 Dsyev diag routine = 0.003274 seconds
| QMMM:                Dsyevd diag routine = 0.002467 seconds
| QMMM:                Dsyevr diag routine = 0.003811 seconds
| QMMM:
| QMMM:                Pseudo diag routine = 0.000816 seconds
| QMMM:
| QMMM: Using dsyevd routine (diag_routine=6).

  QMMM: QM Region Cartesian Coordinates (*=link atom) 
  QMMM: QM_NO.   MM_NO.  ATOM         X         Y         Z
  QMMM:     1        1      C       -3.4690   14.9710   -2.8060
  QMMM:     2        2      N       -4.5970   15.0170   -2.0610
  QMMM:     3        3      C       -4.5500   14.9730   -0.7130
  QMMM:     4        4      N       -5.6570   15.0170    0.0480
  QMMM:     5        5      C       -5.6000   14.9720    1.4020
  QMMM:     6        6      N       -6.8540   15.0270    2.0880
  QMMM:     7        7      N       -4.4230   14.8790    2.0540
  QMMM:     8        8      C       -3.2720   14.8310    1.3430
  QMMM:     9        9      O       -2.1720   14.7460    1.9110
  QMMM:    10       10      C       -3.3400   14.8780   -0.0330
  QMMM:    11       11      N       -2.2000   14.8310   -0.7830
  QMMM:    12       12      C       -2.2640   14.8770   -2.1320
  QMMM:    13       13      H       -3.5050   15.0050   -3.8370
  QMMM:    14       14      H       -7.6920   15.0950    1.5760
  QMMM:    15       15      H       -6.8780   14.9980    3.0710
  QMMM:    16       16      H       -4.4020   14.8480    3.0380
  QMMM:    17       17      H       -1.3880   14.8400   -2.6760

--------------------------------------------------------------------------------
  RESULTS
--------------------------------------------------------------------------------

      iter         sqm energy              rms gradient
      ----    -------------------    -----------------------
xmin    10       49.7393 kcal/mol        0.7973 kcal/(mol*A)
xmin    20       49.5060 kcal/mol        0.0630 kcal/(mol*A)
xmin    30       49.5025 kcal/mol        0.0129 kcal/(mol*A)
xmin    40       49.5024 kcal/mol        0.0014 kcal/(mol*A)
  ... geometry converged !
 
 Final MO eigenvalues (eV):
 -41.6291  -39.8044  -38.4961  -35.2911  -34.6556  -33.8472  -30.5212  -26.6056
 -25.3964  -23.6205  -21.4441  -19.9520  -19.4230  -17.8377  -17.5604  -17.2571
 -16.6899  -16.4612  -15.7328  -14.9129  -14.4912  -14.2338  -12.8940  -12.3629
 -12.3067  -11.6484  -11.5050  -11.3457  -10.2207   -9.3048   -0.9855   -0.5487
   0.6602    0.7988    1.3273    1.7483    2.3142    2.6242    2.7562    2.9598
   3.3679    3.6431    3.7890    3.9969    4.3314    4.5986    4.8064    5.0034
   5.3190    5.7696    6.1304    6.4400    6.5855

 Heat of formation   =         49.50241154 kcal/mol  (        2.14658564 eV)

 Total SCF energy    =     -50519.96559363 kcal/mol  (    -2190.71009903 eV)
 Electronic energy   =    -236316.19457226 kcal/mol  (   -10247.43916449 eV)
 Core-core repulsion =     185796.22897862 kcal/mol  (     8056.72906546 eV)
 
    Atomic Charges for Step       1 :
  Atom    Element       Mulliken Charge
     1      C                 -0.066
     2      N                 -0.098
     3      C                  0.086
     4      N                 -0.233
     5      C                  0.246
     6      N                 -0.333
     7      N                 -0.352
     8      C                  0.369
     9      O                 -0.301
    10      C                 -0.188
    11      N                 -0.026
    12      C                 -0.156
    13      H                  0.176
    14      H                  0.236
    15      H                  0.210
    16      H                  0.252
    17      H                  0.179
 Total Mulliken Charge =      -0.000
 
                  X        Y        Z     TOTAL  
  QM DIPOLE    -2.943   -0.772    1.192    3.268
 
 Final Structure

  QMMM: QM Region Cartesian Coordinates (*=link atom) 
  QMMM: QM_NO.   MM_NO.  ATOM         X         Y         Z
  QMMM:     1        1      C       -3.5135   14.9585   -2.7717
  QMMM:     2        2      N       -4.6608   15.0091   -2.1020
  QMMM:     3        3      C       -4.5688   14.9698   -0.7173
  QMMM:     4        4      N       -5.7502   15.0141    0.0210
  QMMM:     5        5      C       -5.6545   15.0058    1.3636
  QMMM:     6        6      N       -6.8267   15.1839    2.1249
  QMMM:     7        7      N       -4.4388   14.8847    2.0649
  QMMM:     8        8      C       -3.2019   14.8373    1.3911
  QMMM:     9        9      O       -2.1762   14.7601    2.0805
  QMMM:    10       10      C       -3.2721   14.8764   -0.0893
  QMMM:    11       11      N       -2.1133   14.8279   -0.8060
  QMMM:    12       12      C       -2.2347   14.8683   -2.1324
  QMMM:    13       13      H       -3.5895   14.9906   -3.8740
  QMMM:    14       14      H       -7.6768   15.1677    1.6024
  QMMM:    15       15      H       -6.8629   14.7036    2.9952
  QMMM:    16       16      H       -4.4185   14.9183    3.0615
  QMMM:    17       17      H       -1.3038   14.8290   -2.7223

           --------- Calculation Completed ----------

