            --------------------------------------------------------
                             AMBER SQM VERSION 19
 
                                     By
              Ross C. Walker, Michael F. Crowley, Scott Brozell,
                         Tim Giese, Andreas W. Goetz,
                        Tai-Sung Lee and David A. Case
 
            --------------------------------------------------------
 

--------------------------------------------------------------------------------
  QM CALCULATION INFO
--------------------------------------------------------------------------------

| QMMM: Citation for AMBER QMMM Run:
| QMMM: R.C. Walker, M.F. Crowley and D.A. Case, J. COMP. CHEM. 29:1019, 2008

QMMM: SINGLET STATE CALCULATION
QMMM: RHF CALCULATION, NO. OF DOUBLY OCCUPIED LEVELS = 30

| QMMM: *** Selected Hamiltonian *** 
| QMMM: AM1         

| QMMM: *** Parameter sets in use ***
| QMMM: C : M.J.S.DEWAR et al. JACS, 107, 3902, (1985)
| QMMM: N : M.J.S.DEWAR et al. JACS, 107, 3902, (1985)
| QMMM: O : M.J.S.DEWAR et al. JACS, 107, 3902, (1985)
| QMMM: H : M.J.S.DEWAR et al. JACS, 107, 3902, (1985)

| QMMM: *** SCF convergence criteria ***
| QMMM: Energy change                :  0.1D-09 kcal/mol
| QMMM: Error matrix |FP-PF|         :  0.1D+00 au
| QMMM: Density matrix change        :  0.5D-06
| QMMM: Maximum number of SCF cycles :     1000

| QMMM: *** Diagonalization Routine Information ***
| QMMM: Pseudo diagonalizations are allowed.
| QMMM: Auto diagonalization routine selection is in use.
| QMMM:
| QMMM: Timing diagonalization routines:
| QMMM:                              norbs =       53
| QMMM:    diag iterations used for timing =       15
| QMMM:
| QMMM:              Internal diag routine = 0.003370 seconds
| QMMM:                 Dspev diag routine = 0.035158 seconds
| QMMM:                Dspevd diag routine = 0.010683 seconds
| QMMM:                Dspevx diag routine = 0.017143 seconds
| QMMM:                 Dsyev diag routine = 0.010294 seconds
| QMMM:                Dsyevd diag routine = 0.003755 seconds
| QMMM:                Dsyevr diag routine = 0.005585 seconds
| QMMM:
| QMMM:                Pseudo diag routine = 0.000858 seconds
| QMMM:
| QMMM: Using internal diagonalization routine (diag_routine=1).

  QMMM: QM Region Cartesian Coordinates (*=link atom) 
  QMMM: QM_NO.   MM_NO.  ATOM         X         Y         Z
  QMMM:     1        1      C       -5.3100   15.2620    0.7370
  QMMM:     2        2      N       -4.1600   15.0230    1.4110
  QMMM:     3        3      C       -2.9790   14.9160    0.7670
  QMMM:     4        4      N       -1.8260   14.6800    1.4140
  QMMM:     5        5      C       -0.6430   14.5740    0.7580
  QMMM:     6        6      N        0.5070   14.3210    1.5690
  QMMM:     7        7      N       -0.5680   14.7010   -0.5820
  QMMM:     8        8      C       -1.6960   14.9410   -1.2910
  QMMM:     9        9      O       -1.6630   15.0640   -2.5250
  QMMM:    10       10      C       -2.8930   15.0470   -0.6160
  QMMM:    11       11      N       -4.0520   15.2880   -1.2970
  QMMM:    12       12      C       -5.2270   15.3920   -0.6370
  QMMM:    13       13      H       -6.2130   15.3440    1.2300
  QMMM:    14       14      H        0.4120   14.2340    2.5450
  QMMM:    15       15      H        1.3940   14.2330    1.1520
  QMMM:    16       16      H        0.3000   14.6210   -1.0410
  QMMM:    17       17      H       -6.0880   15.5740   -1.1760

--------------------------------------------------------------------------------
  RESULTS
--------------------------------------------------------------------------------

      iter         sqm energy              rms gradient
      ----    -------------------    -----------------------
xmin    10       49.8189 kcal/mol        2.0754 kcal/(mol*A)
xmin    20       49.5059 kcal/mol        0.0718 kcal/(mol*A)
xmin    30       49.5024 kcal/mol        0.0107 kcal/(mol*A)
xmin    40       49.5024 kcal/mol        0.0007 kcal/(mol*A)
  ... geometry converged !
 
 Final MO eigenvalues (eV):
 -41.6291  -39.8044  -38.4961  -35.2911  -34.6557  -33.8472  -30.5212  -26.6056
 -25.3964  -23.6205  -21.4441  -19.9520  -19.4230  -17.8377  -17.5604  -17.2572
 -16.6898  -16.4612  -15.7328  -14.9129  -14.4912  -14.2338  -12.8940  -12.3629
 -12.3067  -11.6484  -11.5050  -11.3457  -10.2207   -9.3048   -0.9855   -0.5487
   0.6602    0.7988    1.3272    1.7483    2.3142    2.6242    2.7562    2.9598
   3.3679    3.6431    3.7890    3.9969    4.3314    4.5985    4.8063    5.0034
   5.3190    5.7696    6.1304    6.4400    6.5854

 Heat of formation   =         49.50241170 kcal/mol  (        2.14658565 eV)

 Total SCF energy    =     -50519.96559348 kcal/mol  (    -2190.71009902 eV)
 Electronic energy   =    -236316.20817522 kcal/mol  (   -10247.43975436 eV)
 Core-core repulsion =     185796.24258174 kcal/mol  (     8056.72965534 eV)
 
    Atomic Charges for Step       1 :
  Atom    Element       Mulliken Charge
     1      C                 -0.066
     2      N                 -0.098
     3      C                  0.086
     4      N                 -0.233
     5      C                  0.246
     6      N                 -0.333
     7      N                 -0.352
     8      C                  0.369
     9      O                 -0.301
    10      C                 -0.188
    11      N                 -0.026
    12      C                 -0.156
    13      H                  0.176
    14      H                  0.236
    15      H                  0.210
    16      H                  0.252
    17      H                  0.179
 Total Mulliken Charge =      -0.000
 
                  X        Y        Z     TOTAL  
  QM DIPOLE     2.461    0.345    2.122    3.268
 
 Final Structure

  QMMM: QM Region Cartesian Coordinates (*=link atom) 
  QMMM: QM_NO.   MM_NO.  ATOM         X         Y         Z
  QMMM:     1        1      C       -5.2572   15.2693    0.7622
  QMMM:     2        2      N       -4.1676   15.0322    1.4860
  QMMM:     3        3      C       -2.9745   14.9187    0.7854
  QMMM:     4        4      N       -1.8082   14.6767    1.5092
  QMMM:     5        5      C       -0.6585   14.5379    0.8231
  QMMM:     6        6      N        0.5045   14.1617    1.5239
  QMMM:     7        7      N       -0.5522   14.6917   -0.5733
  QMMM:     8        8      C       -1.6853   14.9346   -1.3754
  QMMM:     9        9      O       -1.5126   15.0284   -2.5979
  QMMM:    10       10      C       -2.9727   15.0614   -0.6513
  QMMM:    11       11      N       -4.1094   15.3029   -1.3645
  QMMM:    12       12      C       -5.2382   15.4056   -0.6637
  QMMM:    13       13      H       -6.2060   15.3585    1.3224
  QMMM:    14       14      H        0.4165   14.1575    2.5179
  QMMM:    15       15      H        1.3624   14.5318    1.1827
  QMMM:    16       16      H        0.3176   14.5445   -1.0385
  QMMM:    17       17      H       -6.1637   15.6016   -1.2302

           --------- Calculation Completed ----------

