            --------------------------------------------------------
                             AMBER SQM VERSION 19
 
                                     By
              Ross C. Walker, Michael F. Crowley, Scott Brozell,
                         Tim Giese, Andreas W. Goetz,
                        Tai-Sung Lee and David A. Case
 
            --------------------------------------------------------
 

--------------------------------------------------------------------------------
  QM CALCULATION INFO
--------------------------------------------------------------------------------

| QMMM: Citation for AMBER QMMM Run:
| QMMM: R.C. Walker, M.F. Crowley and D.A. Case, J. COMP. CHEM. 29:1019, 2008

QMMM: SINGLET STATE CALCULATION
QMMM: RHF CALCULATION, NO. OF DOUBLY OCCUPIED LEVELS = 30

| QMMM: *** Selected Hamiltonian *** 
| QMMM: AM1         

| QMMM: *** Parameter sets in use ***
| QMMM: C : M.J.S.DEWAR et al. JACS, 107, 3902, (1985)
| QMMM: N : M.J.S.DEWAR et al. JACS, 107, 3902, (1985)
| QMMM: O : M.J.S.DEWAR et al. JACS, 107, 3902, (1985)
| QMMM: H : M.J.S.DEWAR et al. JACS, 107, 3902, (1985)

| QMMM: *** SCF convergence criteria ***
| QMMM: Energy change                :  0.1D-09 kcal/mol
| QMMM: Error matrix |FP-PF|         :  0.1D+00 au
| QMMM: Density matrix change        :  0.5D-06
| QMMM: Maximum number of SCF cycles :     1000

| QMMM: *** Diagonalization Routine Information ***
| QMMM: Pseudo diagonalizations are allowed.
| QMMM: Auto diagonalization routine selection is in use.
| QMMM:
| QMMM: Timing diagonalization routines:
| QMMM:                              norbs =       53
| QMMM:    diag iterations used for timing =       15
| QMMM:
| QMMM:              Internal diag routine = 0.096487 seconds
| QMMM:                 Dspev diag routine = 0.004124 seconds
| QMMM:                Dspevd diag routine = 0.002981 seconds
| QMMM:                Dspevx diag routine = 0.015963 seconds
| QMMM:                 Dsyev diag routine = 0.003329 seconds
| QMMM:                Dsyevd diag routine = 0.002467 seconds
| QMMM:                Dsyevr diag routine = 0.003833 seconds
| QMMM:
| QMMM:                Pseudo diag routine = 0.000827 seconds
| QMMM:
| QMMM: Using dsyevd routine (diag_routine=6).

  QMMM: QM Region Cartesian Coordinates (*=link atom) 
  QMMM: QM_NO.   MM_NO.  ATOM         X         Y         Z
  QMMM:     1        1      C       -4.0650   12.3820   -2.8360
  QMMM:     2        2      N       -2.8280   12.3070   -2.2920
  QMMM:     3        3      C       -1.9310   13.3020   -2.4500
  QMMM:     4        4      N       -0.6970   13.2510   -1.9200
  QMMM:     5        5      C        0.1980   14.2560   -2.0840
  QMMM:     6        6      N        1.4740   14.0710   -1.4660
  QMMM:     7        7      N       -0.1080   15.3620   -2.7920
  QMMM:     8        8      C       -1.3360   15.4730   -3.3520
  QMMM:     9        9      O       -1.6510   16.4780   -4.0100
  QMMM:    10       10      C       -2.2390   14.4470   -3.1790
  QMMM:    11       11      N       -3.4860   14.5240   -3.7290
  QMMM:    12       12      C       -4.3740   13.5180   -3.5610
  QMMM:    13       13      H       -4.7510   11.6200   -2.7150
  QMMM:    14       14      H        1.6600   13.2490   -0.9570
  QMMM:    15       15      H        2.1670   14.7660   -1.5500
  QMMM:    16       16      H        0.5550   16.0820   -2.9010
  QMMM:    17       17      H       -5.3100   13.6010   -3.9870

--------------------------------------------------------------------------------
  RESULTS
--------------------------------------------------------------------------------

      iter         sqm energy              rms gradient
      ----    -------------------    -----------------------
xmin    10       49.9116 kcal/mol        1.0607 kcal/(mol*A)
xmin    20       49.5138 kcal/mol        0.0883 kcal/(mol*A)
xmin    30       49.5025 kcal/mol        0.0224 kcal/(mol*A)
xmin    40       49.5024 kcal/mol        0.0039 kcal/(mol*A)
  ... geometry converged !
 
 Final MO eigenvalues (eV):
 -41.6291  -39.8044  -38.4961  -35.2911  -34.6556  -33.8472  -30.5212  -26.6056
 -25.3964  -23.6205  -21.4441  -19.9520  -19.4230  -17.8377  -17.5604  -17.2571
 -16.6898  -16.4612  -15.7328  -14.9129  -14.4912  -14.2338  -12.8940  -12.3629
 -12.3067  -11.6484  -11.5050  -11.3457  -10.2207   -9.3048   -0.9856   -0.5487
   0.6602    0.7988    1.3272    1.7483    2.3142    2.6242    2.7562    2.9598
   3.3679    3.6430    3.7890    3.9969    4.3313    4.5986    4.8063    5.0034
   5.3189    5.7695    6.1303    6.4400    6.5854

 Heat of formation   =         49.50241156 kcal/mol  (        2.14658565 eV)

 Total SCF energy    =     -50519.96559361 kcal/mol  (    -2190.71009902 eV)
 Electronic energy   =    -236316.19044059 kcal/mol  (   -10247.43898533 eV)
 Core-core repulsion =     185796.22484698 kcal/mol  (     8056.72888630 eV)
 
    Atomic Charges for Step       1 :
  Atom    Element       Mulliken Charge
     1      C                 -0.066
     2      N                 -0.098
     3      C                  0.086
     4      N                 -0.233
     5      C                  0.246
     6      N                 -0.333
     7      N                 -0.352
     8      C                  0.369
     9      O                 -0.301
    10      C                 -0.188
    11      N                 -0.026
    12      C                 -0.156
    13      H                  0.176
    14      H                  0.236
    15      H                  0.210
    16      H                  0.252
    17      H                  0.179
 Total Mulliken Charge =      -0.000
 
                  X        Y        Z     TOTAL  
  QM DIPOLE     2.381   -0.283    2.220    3.268
 
 Final Structure

  QMMM: QM Region Cartesian Coordinates (*=link atom) 
  QMMM: QM_NO.   MM_NO.  ATOM         X         Y         Z
  QMMM:     1        1      C       -4.0181   12.3899   -2.8023
  QMMM:     2        2      N       -2.8210   12.2504   -2.2412
  QMMM:     3        3      C       -1.9236   13.2916   -2.4358
  QMMM:     4        4      N       -0.6597   13.1861   -1.8577
  QMMM:     5        5      C        0.2171   14.1842   -2.0739
  QMMM:     6        6      N        1.5391   14.0336   -1.6104
  QMMM:     7        7      N       -0.0886   15.3587   -2.7894
  QMMM:     8        8      C       -1.3429   15.5395   -3.4060
  QMMM:     9        9      O       -1.5237   16.5868   -4.0413
  QMMM:    10       10      C       -2.3208   14.4421   -3.2123
  QMMM:    11       11      N       -3.5571   14.5534   -3.7763
  QMMM:    12       12      C       -4.3952   13.5376   -3.5722
  QMMM:    13       13      H       -4.7305   11.5592   -2.6464
  QMMM:    14       14      H        1.6945   13.2396   -1.0263
  QMMM:    15       15      H        1.9989   14.8648   -1.3152
  QMMM:    16       16      H        0.6078   16.0541   -2.9511
  QMMM:    17       17      H       -5.3983   13.6172   -4.0232

           --------- Calculation Completed ----------

